<?xml version="1.0" encoding="utf-8"?><testsuites><testsuite name="pytest" errors="0" failures="0" skipped="0" tests="1" time="0.132" timestamp="2021-08-23T14:21:59.242098" hostname="DESKTOP-R3PTHH9"><testcase classname="test_interface.test_login.TestLgoinInterface" name="test_user_name_none" time="0.033" /></testsuite></testsuites>